<?xml version="1.0" encoding="UTF-8"?>
<!-- Generated by org.testng.reporters.JUnitReportReporter -->
<testsuite hostname="LAPTOP-SUROD588" failures="0" tests="5" name="progressive.tdd.test.auto.AutoQuoteTest" time="4.949" errors="0" timestamp="2023-02-13T20:28:11 PST" skipped="4">
  <testcase classname="progressive.tdd.test.auto.AutoQuoteTest" name="test1" time="4.949"/>
  <system-out>
    <![CDATA[Test1br]]>
  </system-out>
  <testcase classname="progressive.tdd.test.auto.AutoQuoteTest" name="test2">
    <skipped/>
  </testcase> <!-- test2 -->
  <system-out/>
  <testcase classname="progressive.tdd.test.auto.AutoQuoteTest" name="test3">
    <skipped/>
  </testcase> <!-- test3 -->
  <system-out/>
  <testcase classname="progressive.tdd.test.auto.AutoQuoteTest" name="testRetry">
    <skipped/>
  </testcase> <!-- testRetry -->
  <system-out/>
  <testcase classname="progressive.tdd.test.auto.AutoQuoteTest" name="createAutoQuoteTest">
    <skipped/>
  </testcase> <!-- createAutoQuoteTest -->
  <system-out/>
</testsuite> <!-- progressive.tdd.test.auto.AutoQuoteTest -->
