<?xml version="1.0" encoding="UTF-8"?>
<!-- Generated by org.testng.reporters.JUnitReportReporter -->
<testsuite hostname="LAPTOP-SUROD588" failures="0" tests="5" name="progressive.tdd.test.auto.AutoQuoteTest" time="41.202" errors="0" timestamp="2023-02-17T21:22:47 PST" skipped="4">
  <testcase classname="progressive.tdd.test.auto.AutoQuoteTest" name="createAutoQuoteTest" time="41.202"/>
  <system-out>
    <![CDATA[11373 <--- This value has been passed into ---> [[ChromeDriver: chrome on WINDOWS (578148d2fc81a5846ed7fda694449d4f)] -> xpath: //input[@id='zipCode_overlay']]br
mhmd <--- This value has been passed into ---> [[ChromeDriver: chrome on WINDOWS (578148d2fc81a5846ed7fda694449d4f)] -> id: NameAndAddressEdit_embedded_questions_list_FirstName]br
khon <--- This value has been passed into ---> [[ChromeDriver: chrome on WINDOWS (578148d2fc81a5846ed7fda694449d4f)] -> name: NameAndAddressEdit_embedded_questions_list_LastName]br
01/05/1980 <--- This value has been passed into ---> [[ChromeDriver: chrome on WINDOWS (578148d2fc81a5846ed7fda694449d4f)] -> name: NameAndAddressEdit_embedded_questions_list_DateOfBirth]br]]>
  </system-out>
  <testcase classname="progressive.tdd.test.auto.AutoQuoteTest" name="failedTestScenario">
    <skipped/>
  </testcase> <!-- failedTestScenario -->
  <system-out/>
  <testcase classname="progressive.tdd.test.auto.AutoQuoteTest" name="test1">
    <skipped/>
  </testcase> <!-- test1 -->
  <system-out/>
  <testcase classname="progressive.tdd.test.auto.AutoQuoteTest" name="test2">
    <skipped/>
  </testcase> <!-- test2 -->
  <system-out/>
  <testcase classname="progressive.tdd.test.auto.AutoQuoteTest" name="testRetry">
    <skipped/>
  </testcase> <!-- testRetry -->
  <system-out/>
</testsuite> <!-- progressive.tdd.test.auto.AutoQuoteTest -->
