<?xml version="1.0" encoding="UTF-8"?>
<!-- Generated by org.testng.reporters.JUnitReportReporter -->
<testsuite hostname="LAPTOP-SUROD588" failures="0" tests="1" name="progressive.tdd.test.property.PropertyQuoteTest" time="41.156" errors="0" timestamp="2023-02-13T20:29:52 PST" skipped="0">
  <testcase classname="progressive.tdd.test.property.PropertyQuoteTest" name="creatpropertyQoteTest" time="41.156"/>
  <system-out>
    <![CDATA[85-15 <--- This value has been passed into ---> [[ChromeDriver: chrome on WINDOWS (5814edb64a75209fe54987e157db3ff9)] -> xpath: //input[@name='SingleLineAddressSearch']]br
84-11 <--- This value has been passed into ---> [[ChromeDriver: chrome on WINDOWS (5814edb64a75209fe54987e157db3ff9)] -> xpath: (//input[@name='AddressLine1'])[2]]br
3g <--- This value has been passed into ---> [[ChromeDriver: chrome on WINDOWS (5814edb64a75209fe54987e157db3ff9)] -> xpath: //input[@id='addressLine2Modal']]br
Elmhurst <--- This value has been passed into ---> [[ChromeDriver: chrome on WINDOWS (5814edb64a75209fe54987e157db3ff9)] -> xpath: //input[@id='cityModal']]br]]>
  </system-out>
</testsuite> <!-- progressive.tdd.test.property.PropertyQuoteTest -->
