<?xml version="1.0" encoding="UTF-8"?>
<!-- Generated by org.testng.reporters.JUnitReportReporter -->
<testsuite hostname="LAPTOP-SUROD588" failures="0" tests="1" name="progressive.tdd.test.property.PropertyQuoteTest" time="40.302" errors="0" timestamp="2023-02-17T00:59:40 PST" skipped="0">
  <testcase classname="progressive.tdd.test.property.PropertyQuoteTest" name="creatpropertyQoteTest" time="40.302"/>
  <system-out>
    <![CDATA[85-15 <--- This value has been passed into ---> [[ChromeDriver: chrome on WINDOWS (098f671c28a97884c9ae281778d2e904)] -> xpath: //input[@name='SingleLineAddressSearch']]br
84-11 <--- This value has been passed into ---> [[ChromeDriver: chrome on WINDOWS (098f671c28a97884c9ae281778d2e904)] -> xpath: (//input[@name='AddressLine1'])[2]]br
3g <--- This value has been passed into ---> [[ChromeDriver: chrome on WINDOWS (098f671c28a97884c9ae281778d2e904)] -> xpath: //input[@id='addressLine2Modal']]br
Elmhurst <--- This value has been passed into ---> [[ChromeDriver: chrome on WINDOWS (098f671c28a97884c9ae281778d2e904)] -> xpath: //input[@id='cityModal']]br]]>
  </system-out>
</testsuite> <!-- progressive.tdd.test.property.PropertyQuoteTest -->
